eeschema (2013-07-07 BZR 4022)-stable  >> Creation date: 03.11.2014 17:01:53
#Cmp ( order = Reference )
| C1         10uF        
| C2         0.1uF       
| CON1       BARREL_JACK 
| D1         DIODE       
| D2         DIODE       
| D3         DIODE       
| D4         DIODE       
| D5         DIODE       
| D6         DIODE       
| IC1        ATMEGA328P-A
| P1         CONN_20     
| P2         CONN_2      
| P5         CONN_1      
| P6         CONN_1      
| P7         CONN_1      
| P8         CONN_1      
| P9         CONN_1      
| P10        CONN_1      
| P11        CONN_1      
| R1         10k         
| SW1        SRS         
#End Cmp

#Cmp ( order = Value )
| 0.1uF        C2        
| 10uF         C1        
| BARREL_JACK  CON1      
| DIODE        D1        
| DIODE        D2        
| DIODE        D3        
| DIODE        D4        
| DIODE        D5        
| DIODE        D6        
| ATMEGA328P-A IC1       
| CONN_20      P1        
| CONN_2       P2        
| CONN_1       P5        
| CONN_1       P6        
| CONN_1       P7        
| CONN_1       P8        
| CONN_1       P9        
| CONN_1       P10       
| CONN_1       P11       
| 10k          R1        
| SRS          SW1       
#End Cmp

#End List
